
Process 0 is checking the circuit...
19) 10011001111101011001100111110101 
19) 10011001111101011001100111110110 
19) 10011001111101011001100111110111 
19) 10011001111101011001101111110101 
19) 10011001111101011001101111110110 
19) 10011001111101011001101111110111 
19) 10011001111101011001110111110101 
19) 10011001111101011001110111110110 
19) 10011001111101011001110111110111 
19) 10011001111101101001100111110101 
19) 10011001111101101001100111110110 
19) 10011001111101101001100111110111 
19) 10011001111101101001101111110101 
19) 10011001111101101001101111110110 
19) 10011001111101101001101111110111 
19) 10011001111101101001110111110101 
19) 10011001111101101001110111110110 
19) 10011001111101101001110111110111 
19) 10011001111101111001100111110101 
19) 10011001111101111001100111110110 
19) 10011001111101111001100111110111 
19) 10011001111101111001101111110101 
19) 10011001111101111001101111110110 
19) 10011001111101111001101111110111 
19) 10011001111101111001110111110101 
19) 10011001111101111001110111110110 
19) 10011001111101111001110111110111 
19) 10011011111101011001100111110101 
19) 10011011111101011001100111110110 
19) 10011011111101011001100111110111 
19) 10011011111101011001101111110101 
19) 10011011111101011001101111110110 
19) 10011011111101011001101111110111 
19) 10011011111101011001110111110101 
19) 10011011111101011001110111110110 
19) 10011011111101011001110111110111 
19) 10011011111101101001100111110101 
19) 10011011111101101001100111110110 
19) 10011011111101101001100111110111 
19) 10011011111101101001101111110101 
19) 10011011111101101001101111110110 
19) 10011011111101101001101111110111 
19) 10011011111101101001110111110101 
19) 10011011111101101001110111110110 
19) 10011011111101101001110111110111 
19) 10011011111101111001100111110101 
19) 10011011111101111001100111110110 
19) 10011011111101111001100111110111 
19) 10011011111101111001101111110101 
19) 10011011111101111001101111110110 
19) 10011011111101111001101111110111 
19) 10011011111101111001110111110101 
19) 10011011111101111001110111110110 
19) 10011011111101111001110111110111 
19) 10011101111101011001100111110101 
19) 10011101111101011001100111110110 
19) 10011101111101011001100111110111 
19) 10011101111101011001101111110101 
19) 10011101111101011001101111110110 
19) 10011101111101011001101111110111 
19) 10011101111101011001110111110101 
19) 10011101111101011001110111110110 
19) 10011101111101011001110111110111 
19) 10011101111101101001100111110101 
19) 10011101111101101001100111110110 
19) 10011101111101101001100111110111 
19) 10011101111101101001101111110101 
19) 10011101111101101001101111110110 
19) 10011101111101101001101111110111 
19) 10011101111101101001110111110101 
19) 10011101111101101001110111110110 
19) 10011101111101101001110111110111 
19) 10011101111101111001100111110101 
19) 10011101111101111001100111110110 
19) 10011101111101111001100111110111 
19) 10011101111101111001101111110101 
19) 10011101111101111001101111110110 
19) 10011101111101111001101111110111 
19) 10011101111101111001110111110101 
19) 10011101111101111001110111110110 
19) 10011101111101111001110111110111 
Process 0 finished in time 9.764574 secs.
A total of 81 solutions were found.
